<?xml version="1.0" encoding="UTF-8"?>
<testsuite xmlns:xsi="http://www.w3.org/2001/XMLSchema-instance" xsi:noNamespaceSchemaLocation="https://maven.apache.org/surefire/maven-surefire-plugin/xsd/surefire-test-report.xsd" name="com.kritter.AppTest" time="0.036" tests="1" errors="0" skipped="0" failures="0">
  <properties>
    <property name="java.vm.info" value="mixed mode"/>
    <property name="file.encoding.pkg" value="sun.io"/>
    <property name="file.encoding" value="UTF-8"/>
    <property name="java.specification.name" value="Java Platform API Specification"/>
    <property name="sun.os.patch.level" value="unknown"/>
    <property name="user.dir" value="/home/sciera/IdeaProjects/javaVelocity"/>
    <property name="line.separator" value="&#10;"/>
    <property name="java.home" value="/usr/lib/jvm/jdk1.7.0_80/jre"/>
    <property name="user.name" value="sciera"/>
    <property name="sun.boot.library.path" value="/usr/lib/jvm/jdk1.7.0_80/jre/lib/amd64"/>
    <property name="user.home" value="/home/sciera"/>
    <property name="localRepository" value="/home/sciera/.m2/repository"/>
    <property name="sun.java.launcher" value="SUN_STANDARD"/>
    <property name="java.class.version" value="51.0"/>
    <property name="user.language" value="en"/>
    <property name="java.vendor.url.bug" value="http://bugreport.sun.com/bugreport/"/>
    <property name="sun.jnu.encoding" value="UTF-8"/>
    <property name="java.io.tmpdir" value="/tmp"/>
    <property name="java.specification.vendor" value="Oracle Corporation"/>
    <property name="file.separator" value="/"/>
    <property name="java.class.path" value="/home/sciera/IdeaProjects/javaVelocity/target/test-classes:/home/sciera/IdeaProjects/javaVelocity/target/classes:/home/sciera/.m2/repository/junit/junit/4.11/junit-4.11.jar:/home/sciera/.m2/repository/org/hamcrest/hamcrest-core/1.3/hamcrest-core-1.3.jar:/home/sciera/.m2/repository/org/apache/velocity/velocity/1.7/velocity-1.7.jar:/home/sciera/.m2/repository/commons-collections/commons-collections/3.2.1/commons-collections-3.2.1.jar:/home/sciera/.m2/repository/commons-lang/commons-lang/2.4/commons-lang-2.4.jar:/home/sciera/.m2/repository/org/apache/velocity/velocity-tools/2.0/velocity-tools-2.0.jar:/home/sciera/.m2/repository/commons-beanutils/commons-beanutils/1.7.0/commons-beanutils-1.7.0.jar:/home/sciera/.m2/repository/commons-digester/commons-digester/1.8/commons-digester-1.8.jar:/home/sciera/.m2/repository/commons-chain/commons-chain/1.1/commons-chain-1.1.jar:/home/sciera/.m2/repository/commons-logging/commons-logging/1.1/commons-logging-1.1.jar:/home/sciera/.m2/repository/javax/servlet/servlet-api/2.3/servlet-api-2.3.jar:/home/sciera/.m2/repository/commons-validator/commons-validator/1.3.1/commons-validator-1.3.1.jar:/home/sciera/.m2/repository/dom4j/dom4j/1.1/dom4j-1.1.jar:/home/sciera/.m2/repository/oro/oro/2.0.8/oro-2.0.8.jar:/home/sciera/.m2/repository/sslext/sslext/1.2-0/sslext-1.2-0.jar:/home/sciera/.m2/repository/org/apache/struts/struts-core/1.3.8/struts-core-1.3.8.jar:/home/sciera/.m2/repository/antlr/antlr/2.7.2/antlr-2.7.2.jar:/home/sciera/.m2/repository/org/apache/struts/struts-taglib/1.3.8/struts-taglib-1.3.8.jar:/home/sciera/.m2/repository/org/apache/struts/struts-tiles/1.3.8/struts-tiles-1.3.8.jar:"/>
    <property name="java.vm.vendor" value="Oracle Corporation"/>
    <property name="sun.cpu.endian" value="little"/>
    <property name="java.vm.specification.vendor" value="Oracle Corporation"/>
    <property name="java.specification.version" value="1.7"/>
    <property name="awt.toolkit" value="sun.awt.X11.XToolkit"/>
    <property name="sun.java.command" value="/home/sciera/IdeaProjects/javaVelocity/target/surefire/surefirebooter2025238030940745883.jar /home/sciera/IdeaProjects/javaVelocity/target/surefire 2019-12-24T11-52-52_702-jvmRun1 surefire4369326280179893341tmp surefire_04638472163855268811tmp"/>
    <property name="user.timezone" value=""/>
    <property name="surefire.test.class.path" value="/home/sciera/IdeaProjects/javaVelocity/target/test-classes:/home/sciera/IdeaProjects/javaVelocity/target/classes:/home/sciera/.m2/repository/junit/junit/4.11/junit-4.11.jar:/home/sciera/.m2/repository/org/hamcrest/hamcrest-core/1.3/hamcrest-core-1.3.jar:/home/sciera/.m2/repository/org/apache/velocity/velocity/1.7/velocity-1.7.jar:/home/sciera/.m2/repository/commons-collections/commons-collections/3.2.1/commons-collections-3.2.1.jar:/home/sciera/.m2/repository/commons-lang/commons-lang/2.4/commons-lang-2.4.jar:/home/sciera/.m2/repository/org/apache/velocity/velocity-tools/2.0/velocity-tools-2.0.jar:/home/sciera/.m2/repository/commons-beanutils/commons-beanutils/1.7.0/commons-beanutils-1.7.0.jar:/home/sciera/.m2/repository/commons-digester/commons-digester/1.8/commons-digester-1.8.jar:/home/sciera/.m2/repository/commons-chain/commons-chain/1.1/commons-chain-1.1.jar:/home/sciera/.m2/repository/commons-logging/commons-logging/1.1/commons-logging-1.1.jar:/home/sciera/.m2/repository/javax/servlet/servlet-api/2.3/servlet-api-2.3.jar:/home/sciera/.m2/repository/commons-validator/commons-validator/1.3.1/commons-validator-1.3.1.jar:/home/sciera/.m2/repository/dom4j/dom4j/1.1/dom4j-1.1.jar:/home/sciera/.m2/repository/oro/oro/2.0.8/oro-2.0.8.jar:/home/sciera/.m2/repository/sslext/sslext/1.2-0/sslext-1.2-0.jar:/home/sciera/.m2/repository/org/apache/struts/struts-core/1.3.8/struts-core-1.3.8.jar:/home/sciera/.m2/repository/antlr/antlr/2.7.2/antlr-2.7.2.jar:/home/sciera/.m2/repository/org/apache/struts/struts-taglib/1.3.8/struts-taglib-1.3.8.jar:/home/sciera/.m2/repository/org/apache/struts/struts-tiles/1.3.8/struts-tiles-1.3.8.jar:"/>
    <property name="java.runtime.version" value="1.7.0_80-b15"/>
    <property name="java.vendor" value="Oracle Corporation"/>
    <property name="sun.management.compiler" value="HotSpot 64-Bit Tiered Compilers"/>
    <property name="sun.arch.data.model" value="64"/>
    <property name="os.arch" value="amd64"/>
    <property name="sun.io.unicode.encoding" value="UnicodeLittle"/>
    <property name="java.awt.printerjob" value="sun.print.PSPrinterJob"/>
    <property name="path.separator" value=":"/>
    <property name="java.runtime.name" value="Java(TM) SE Runtime Environment"/>
    <property name="java.vendor.url" value="http://java.oracle.com/"/>
    <property name="sun.boot.class.path" value="/usr/lib/jvm/jdk1.7.0_80/jre/lib/resources.jar:/usr/lib/jvm/jdk1.7.0_80/jre/lib/rt.jar:/usr/lib/jvm/jdk1.7.0_80/jre/lib/sunrsasign.jar:/usr/lib/jvm/jdk1.7.0_80/jre/lib/jsse.jar:/usr/lib/jvm/jdk1.7.0_80/jre/lib/jce.jar:/usr/lib/jvm/jdk1.7.0_80/jre/lib/charsets.jar:/usr/lib/jvm/jdk1.7.0_80/jre/lib/jfr.jar:/usr/lib/jvm/jdk1.7.0_80/jre/classes"/>
    <property name="surefire.real.class.path" value="/home/sciera/IdeaProjects/javaVelocity/target/surefire/surefirebooter2025238030940745883.jar"/>
    <property name="java.endorsed.dirs" value="/usr/lib/jvm/jdk1.7.0_80/jre/lib/endorsed"/>
    <property name="sun.desktop" value="gnome"/>
    <property name="java.vm.version" value="24.80-b11"/>
    <property name="os.name" value="Linux"/>
    <property name="java.vm.specification.version" value="1.7"/>
    <property name="sun.cpu.isalist" value=""/>
    <property name="java.version" value="1.7.0_80"/>
    <property name="java.vm.specification.name" value="Java Virtual Machine Specification"/>
    <property name="java.ext.dirs" value="/usr/lib/jvm/jdk1.7.0_80/jre/lib/ext:/usr/java/packages/lib/ext"/>
    <property name="os.version" value="4.15.0-1065-oem"/>
    <property name="basedir" value="/home/sciera/IdeaProjects/javaVelocity"/>
    <property name="java.library.path" value="/usr/java/packages/lib/amd64:/usr/lib64:/lib64:/lib:/usr/lib"/>
    <property name="java.awt.graphicsenv" value="sun.awt.X11GraphicsEnvironment"/>
    <property name="java.vm.name" value="Java HotSpot(TM) 64-Bit Server VM"/>
    <property name="user.country" value="IN"/>
  </properties>
  <testcase name="shouldAnswerWithTrue" classname="com.kritter.AppTest" time="0.003"/>
</testsuite>