<?xml version="1.0" encoding="UTF-8"?>
<!-- Generated by org.testng.reporters.JUnitReportReporter -->
<testsuite hostname="kritter" name="com.kritter.TestHelloWorld" tests="1" failures="0" timestamp="17 Dec 2019 05:30:22 GMT" time="0.003" errors="0">
  <testcase name="testEmailGenerator" time="0.003" classname="com.kritter.TestHelloWorld"/>
</testsuite> <!-- com.kritter.TestHelloWorld -->
